/*C1*/SET SCHEMA SYSTEM_LOBS
INSERT INTO LOB_IDS VALUES(235,0,0,30)
ALTER SEQUENCE SYSTEM_LOBS.LOB_ID RESTART WITH 236
COMMIT
DELETE FROM BLOCKS WHERE BLOCK_ADDR=103
INSERT INTO BLOCKS VALUES(103,1,0)
INSERT INTO BLOCKS VALUES(104,2147483543,0)
DELETE FROM BLOCKS WHERE BLOCK_ADDR=103
INSERT INTO LOBS VALUES(103,1,0,235)
COMMIT
DELETE FROM LOB_IDS WHERE LOB_ID=235
INSERT INTO LOB_IDS VALUES(235,1830,0,30)
COMMIT
/*C11*/SET SCHEMA PUBLIC
INSERT INTO X509KEYS VALUES(149,'TTETE_private',1,235,'RSA','75AEE4C50CC8ACB6645D7507A2F19D4BCE0A143F149A68B64E312E36554F9F49',0,'jPasswordField1')
SET SCHEMA SYSTEM_LOBS
DELETE FROM LOB_IDS WHERE LOB_ID=235
INSERT INTO LOB_IDS VALUES(235,1830,1,30)
SET SCHEMA PUBLIC
ALTER SEQUENCE PUBLIC.X509KEYS_SEQ RESTART WITH 150
COMMIT
/*C1*/INSERT INTO LOB_IDS VALUES(236,0,0,30)
ALTER SEQUENCE SYSTEM_LOBS.LOB_ID RESTART WITH 237
COMMIT
/*C11*/INSERT INTO X509KEYS VALUES(150,'TTETE_public',2,236,'Inherited','EBD8BC2697D17A05286AD50CC89DC5E510A3AE05CE717E8919AA28C7FFC433F9',149,'')
SET SCHEMA SYSTEM_LOBS
DELETE FROM LOB_IDS WHERE LOB_ID=236
INSERT INTO LOB_IDS VALUES(236,0,1,30)
SET SCHEMA PUBLIC
ALTER SEQUENCE PUBLIC.X509KEYS_SEQ RESTART WITH 151
COMMIT
/*C1*/INSERT INTO LOB_IDS VALUES(237,0,0,30)
ALTER SEQUENCE SYSTEM_LOBS.LOB_ID RESTART WITH 238
COMMIT
DELETE FROM BLOCKS WHERE BLOCK_ADDR=104
INSERT INTO BLOCKS VALUES(104,1,0)
INSERT INTO BLOCKS VALUES(105,2147483542,0)
DELETE FROM BLOCKS WHERE BLOCK_ADDR=104
INSERT INTO LOBS VALUES(104,1,0,237)
COMMIT
DELETE FROM LOB_IDS WHERE LOB_ID=237
INSERT INTO LOB_IDS VALUES(237,865,0,30)
COMMIT
/*C11*/INSERT INTO CERTIFICATES VALUES(45,'TTETE','CN=Common Name,O=Company,OU=IT','SHA256withRSA',237,'1300357F893A9C0599ABC2518D78C0A6A07F080F19FBFDE20B1AAC33EB55B178','a8f66713f2d3b53a1388ef77d49dbdf5c2de0822',1,149,150,3,'2024-11-20','-549957462','1','2022-11-20','ACTIVE')
SET SCHEMA SYSTEM_LOBS
DELETE FROM LOB_IDS WHERE LOB_ID=237
INSERT INTO LOB_IDS VALUES(237,865,1,30)
SET SCHEMA PUBLIC
ALTER SEQUENCE PUBLIC.CERTIFICATES_SEQ RESTART WITH 46
COMMIT
/*C1*/INSERT INTO LOB_IDS VALUES(238,0,0,30)
ALTER SEQUENCE SYSTEM_LOBS.LOB_ID RESTART WITH 239
COMMIT
DELETE FROM BLOCKS WHERE BLOCK_ADDR=105
INSERT INTO BLOCKS VALUES(105,1,0)
INSERT INTO BLOCKS VALUES(106,2147483541,0)
DELETE FROM BLOCKS WHERE BLOCK_ADDR=105
INSERT INTO LOBS VALUES(105,1,0,238)
COMMIT
DELETE FROM LOB_IDS WHERE LOB_ID=238
INSERT INTO LOB_IDS VALUES(238,604,0,30)
COMMIT
/*C11*/INSERT INTO CRLS VALUES(43,238,1,30,'2022-11-20','2022-12-20')
SET SCHEMA SYSTEM_LOBS
DELETE FROM LOB_IDS WHERE LOB_ID=238
INSERT INTO LOB_IDS VALUES(238,604,1,30)
SET SCHEMA PUBLIC
ALTER SEQUENCE PUBLIC.CRLS_SEQ RESTART WITH 44
COMMIT
DELETE FROM CERTIFICATES WHERE ID_CERT=1
INSERT INTO CERTIFICATES VALUES(1,'PHILI','CN=AC LOCALE DE PHILI,O=LOCAL','SHA256withRSA',3,'01EB15C026EE44979B21D1964375F1246A6D7A999FFFBA4AFB66BE7C093A7F75','c65ab6d8e5cc8a43924bdf60d749467d68b62c08',0,1,NULL,1,'2022-12-10','1','12','2022-11-20','ACTIVE')
SET SCHEMA SYSTEM_LOBS
DELETE FROM LOB_IDS WHERE LOB_ID=3
INSERT INTO LOB_IDS VALUES(3,1060,0,30)
DELETE FROM LOB_IDS WHERE LOB_ID=3
INSERT INTO LOB_IDS VALUES(3,1060,1,30)
COMMIT
